{"level":"info","message":"::1 - - [16/Oct/2024:07:00:59 +0000] \"GET /api/profile/my-bids HTTP/1.1\" 403 48 \"-\" \"PostmanRuntime/7.42.0\"","timestamp":"2024-10-16T07:00:59.547Z"}
{"level":"info","message":"::1 - - [16/Oct/2024:07:01:19 +0000] \"GET /api/profile/my-bids HTTP/1.1\" 403 48 \"-\" \"PostmanRuntime/7.42.0\"","timestamp":"2024-10-16T07:01:19.410Z"}
{"level":"info","message":"::1 - - [16/Oct/2024:07:02:57 +0000] \"GET /api/profile/my-bids HTTP/1.1\" 403 48 \"-\" \"PostmanRuntime/7.42.0\"","timestamp":"2024-10-16T07:02:57.643Z"}
{"level":"info","message":"::1 - - [16/Oct/2024:07:03:54 +0000] \"POST /api/auth/test-auth-token HTTP/1.1\" 200 171 \"-\" \"PostmanRuntime/7.42.0\"","timestamp":"2024-10-16T07:03:54.085Z"}
{"level":"info","message":"::1 - - [16/Oct/2024:07:04:35 +0000] \"POST /api/auth/test-auth-token HTTP/1.1\" 200 171 \"-\" \"PostmanRuntime/7.42.0\"","timestamp":"2024-10-16T07:04:35.359Z"}
{"level":"info","message":"::1 - - [16/Oct/2024:07:05:05 +0000] \"GET /api/profile/my-bids HTTP/1.1\" 403 48 \"-\" \"PostmanRuntime/7.42.0\"","timestamp":"2024-10-16T07:05:05.504Z"}
{"level":"info","message":"::1 - - [16/Oct/2024:07:07:08 +0000] \"GET /api/profile/my-bids HTTP/1.1\" 403 48 \"-\" \"PostmanRuntime/7.42.0\"","timestamp":"2024-10-16T07:07:08.023Z"}
{"level":"info","message":"::1 - - [16/Oct/2024:07:07:14 +0000] \"POST /api/auth/test-auth-token HTTP/1.1\" 200 171 \"-\" \"PostmanRuntime/7.42.0\"","timestamp":"2024-10-16T07:07:14.102Z"}
{"level":"info","message":"::1 - - [16/Oct/2024:07:07:34 +0000] \"GET /api/profile/my-bids HTTP/1.1\" 403 48 \"-\" \"PostmanRuntime/7.42.0\"","timestamp":"2024-10-16T07:07:34.841Z"}
{"level":"info","message":"::1 - - [16/Oct/2024:07:12:30 +0000] \"POST /api/auth/test-auth-token HTTP/1.1\" 200 241 \"-\" \"PostmanRuntime/7.42.0\"","timestamp":"2024-10-16T07:12:30.736Z"}
{"level":"info","message":"::1 - - [16/Oct/2024:07:15:09 +0000] \"GET /api/profile/my-bids HTTP/1.1\" 200 177 \"-\" \"PostmanRuntime/7.42.0\"","timestamp":"2024-10-16T07:15:09.487Z"}
{"level":"info","message":"::1 - - [16/Oct/2024:07:17:12 +0000] \"GET /api/profile/seller-list?isActive=true HTTP/1.1\" 500 82 \"-\" \"PostmanRuntime/7.42.0\"","timestamp":"2024-10-16T07:17:12.224Z"}
{"level":"info","message":"::1 - - [16/Oct/2024:07:17:23 +0000] \"GET /api/profile/seller-list HTTP/1.1\" 500 82 \"-\" \"PostmanRuntime/7.42.0\"","timestamp":"2024-10-16T07:17:23.802Z"}
{"level":"info","message":"::1 - - [16/Oct/2024:07:19:10 +0000] \"GET /api/profile/seller-list HTTP/1.1\" 200 527 \"-\" \"PostmanRuntime/7.42.0\"","timestamp":"2024-10-16T07:19:10.815Z"}
{"level":"info","message":"::1 - - [16/Oct/2024:07:19:22 +0000] \"GET /api/profile/seller-list?isActive=true HTTP/1.1\" 200 527 \"-\" \"PostmanRuntime/7.42.0\"","timestamp":"2024-10-16T07:19:22.305Z"}
{"level":"info","message":"::1 - - [16/Oct/2024:07:21:00 +0000] \"GET /api/profile/seller-list?isActive=true HTTP/1.1\" 200 180 \"-\" \"PostmanRuntime/7.42.0\"","timestamp":"2024-10-16T07:21:00.334Z"}
{"level":"info","message":"::1 - - [16/Oct/2024:07:21:04 +0000] \"GET /api/profile/seller-list HTTP/1.1\" 200 527 \"-\" \"PostmanRuntime/7.42.0\"","timestamp":"2024-10-16T07:21:04.551Z"}
{"level":"info","message":"::1 - - [16/Oct/2024:07:21:48 +0000] \"GET /api/profile/bidder-list HTTP/1.1\" 500 82 \"-\" \"PostmanRuntime/7.42.0\"","timestamp":"2024-10-16T07:21:48.867Z"}
{"level":"info","message":"::1 - - [16/Oct/2024:07:24:29 +0000] \"GET /api/profile/bidder-list HTTP/1.1\" 500 82 \"-\" \"PostmanRuntime/7.42.0\"","timestamp":"2024-10-16T07:24:29.561Z"}
{"level":"info","message":"::1 - - [16/Oct/2024:07:24:31 +0000] \"GET /api/profile/bidder-list HTTP/1.1\" 500 82 \"-\" \"PostmanRuntime/7.42.0\"","timestamp":"2024-10-16T07:24:31.622Z"}
{"level":"info","message":"::1 - - [16/Oct/2024:07:26:23 +0000] \"GET /api/profile/bidder-list HTTP/1.1\" 200 180 \"-\" \"PostmanRuntime/7.42.0\"","timestamp":"2024-10-16T07:26:23.610Z"}
{"level":"info","message":"::1 - - [16/Oct/2024:07:26:47 +0000] \"GET /api/profile/my-profile HTTP/1.1\" 200 86 \"-\" \"PostmanRuntime/7.42.0\"","timestamp":"2024-10-16T07:26:47.698Z"}
{"level":"info","message":"::1 - - [16/Oct/2024:07:32:23 +0000] \"GET /api/profile/my-profile HTTP/1.1\" 200 86 \"-\" \"PostmanRuntime/7.42.0\"","timestamp":"2024-10-16T07:32:23.535Z"}
{"level":"info","message":"::1 - - [16/Oct/2024:07:40:18 +0000] \"GET /api/profile/my-profile HTTP/1.1\" 500 82 \"-\" \"PostmanRuntime/7.42.0\"","timestamp":"2024-10-16T07:40:18.797Z"}
{"level":"info","message":"::1 - - [16/Oct/2024:07:40:29 +0000] \"GET /api/profile/my-profile HTTP/1.1\" 404 94 \"-\" \"PostmanRuntime/7.42.0\"","timestamp":"2024-10-16T07:40:29.073Z"}
{"level":"info","message":"::1 - - [16/Oct/2024:07:54:51 +0000] \"DELETE /api/profile/my-profile HTTP/1.1\" 404 94 \"-\" \"PostmanRuntime/7.42.0\"","timestamp":"2024-10-16T07:54:51.373Z"}
{"level":"info","message":"::1 - - [16/Oct/2024:07:55:07 +0000] \"DELETE /api/profile/my-profile HTTP/1.1\" 404 94 \"-\" \"PostmanRuntime/7.42.0\"","timestamp":"2024-10-16T07:55:07.163Z"}
{"level":"info","message":"::1 - - [16/Oct/2024:07:55:08 +0000] \"DELETE /api/profile/my-profile HTTP/1.1\" 404 94 \"-\" \"PostmanRuntime/7.42.0\"","timestamp":"2024-10-16T07:55:08.786Z"}
{"level":"info","message":"::1 - - [16/Oct/2024:08:01:59 +0000] \"DELETE /api/profile/my-profile HTTP/1.1\" 404 94 \"-\" \"PostmanRuntime/7.42.0\"","timestamp":"2024-10-16T08:01:59.722Z"}
{"level":"info","message":"::1 - - [16/Oct/2024:08:02:45 +0000] \"GET /api/profile/my-bids?bidder HTTP/1.1\" 200 177 \"-\" \"PostmanRuntime/7.42.0\"","timestamp":"2024-10-16T08:02:45.256Z"}
{"level":"info","message":"::1 - - [16/Oct/2024:08:02:48 +0000] \"GET /api/profile/my-auctions HTTP/1.1\" 403 48 \"-\" \"PostmanRuntime/7.42.0\"","timestamp":"2024-10-16T08:02:48.835Z"}
{"level":"info","message":"::1 - - [16/Oct/2024:08:03:16 +0000] \"GET /api/profile/my-auctions HTTP/1.1\" 200 628 \"-\" \"PostmanRuntime/7.42.0\"","timestamp":"2024-10-16T08:03:16.893Z"}
{"level":"info","message":"::1 - - [16/Oct/2024:08:03:46 +0000] \"GET /api/profile/my-auctions?isFlagged=true HTTP/1.1\" 200 628 \"-\" \"PostmanRuntime/7.42.0\"","timestamp":"2024-10-16T08:03:46.300Z"}
{"level":"info","message":"::1 - - [16/Oct/2024:08:06:34 +0000] \"GET /api/profile/my-auctions?isFlagged=true HTTP/1.1\" 200 628 \"-\" \"PostmanRuntime/7.42.0\"","timestamp":"2024-10-16T08:06:34.048Z"}
{"level":"info","message":"::1 - - [16/Oct/2024:08:08:17 +0000] \"GET /api/profile/my-auctions?isFlagged=true HTTP/1.1\" 200 181 \"-\" \"PostmanRuntime/7.42.0\"","timestamp":"2024-10-16T08:08:17.792Z"}
{"level":"info","message":"::1 - - [16/Oct/2024:08:08:24 +0000] \"GET /api/profile/my-bids?bidder HTTP/1.1\" 200 177 \"-\" \"PostmanRuntime/7.42.0\"","timestamp":"2024-10-16T08:08:24.412Z"}
{"level":"info","message":"::1 - - [16/Oct/2024:08:08:28 +0000] \"GET /api/profile/my-bids HTTP/1.1\" 200 177 \"-\" \"PostmanRuntime/7.42.0\"","timestamp":"2024-10-16T08:08:28.095Z"}
{"level":"info","message":"::1 - - [16/Oct/2024:08:08:39 +0000] \"GET /api/profile/my-products HTTP/1.1\" 403 48 \"-\" \"PostmanRuntime/7.42.0\"","timestamp":"2024-10-16T08:08:39.452Z"}
{"level":"info","message":"::1 - - [16/Oct/2024:08:09:55 +0000] \"GET /api/profile/my-products HTTP/1.1\" 200 183 \"-\" \"PostmanRuntime/7.42.0\"","timestamp":"2024-10-16T08:09:55.955Z"}
{"level":"info","message":"::1 - - [16/Oct/2024:08:10:34 +0000] \"GET /api/products HTTP/1.1\" 200 5434 \"-\" \"PostmanRuntime/7.42.0\"","timestamp":"2024-10-16T08:10:34.780Z"}
{"level":"info","message":"::1 - - [16/Oct/2024:08:10:48 +0000] \"GET /api/products?status=INACTIVE HTTP/1.1\" 200 5434 \"-\" \"PostmanRuntime/7.42.0\"","timestamp":"2024-10-16T08:10:48.061Z"}
{"level":"info","message":"::1 - - [16/Oct/2024:08:10:58 +0000] \"GET /api/products?adminApproval=PENDING HTTP/1.1\" 200 4897 \"-\" \"PostmanRuntime/7.42.0\"","timestamp":"2024-10-16T08:10:58.810Z"}
{"level":"info","message":"::1 - - [16/Oct/2024:08:11:06 +0000] \"GET /api/products/670c7a972d82ee3600507d56 HTTP/1.1\" 200 618 \"-\" \"PostmanRuntime/7.42.0\"","timestamp":"2024-10-16T08:11:06.370Z"}
{"level":"info","message":"::1 - - [16/Oct/2024:08:11:30 +0000] \"POST /api/products HTTP/1.1\" 500 70 \"-\" \"PostmanRuntime/7.42.0\"","timestamp":"2024-10-16T08:11:30.912Z"}
{"level":"info","message":"::1 - - [16/Oct/2024:08:13:49 +0000] \"POST /api/products HTTP/1.1\" 500 70 \"-\" \"PostmanRuntime/7.42.0\"","timestamp":"2024-10-16T08:13:49.223Z"}
{"level":"info","message":"::1 - - [16/Oct/2024:08:17:32 +0000] \"POST /api/products HTTP/1.1\" 400 134 \"-\" \"PostmanRuntime/7.42.0\"","timestamp":"2024-10-16T08:17:32.998Z"}
{"level":"info","message":"::1 - - [16/Oct/2024:08:18:53 +0000] \"POST /api/products HTTP/1.1\" 201 517 \"-\" \"PostmanRuntime/7.42.0\"","timestamp":"2024-10-16T08:18:53.019Z"}
{"level":"info","message":"::1 - - [16/Oct/2024:08:19:12 +0000] \"PATCH /api/products/670f76ec7956a024c11c171b HTTP/1.1\" 200 442 \"-\" \"PostmanRuntime/7.42.0\"","timestamp":"2024-10-16T08:19:12.710Z"}
{"level":"info","message":"::1 - - [16/Oct/2024:08:19:31 +0000] \"DELETE /api/products/670f76ec7956a024c11c171b HTTP/1.1\" 200 442 \"-\" \"PostmanRuntime/7.42.0\"","timestamp":"2024-10-16T08:19:31.947Z"}
{"level":"info","message":"::1 - - [16/Oct/2024:08:19:49 +0000] \"DELETE /api/products/670f76ec7956a024c11c171b HTTP/1.1\" 404 94 \"-\" \"PostmanRuntime/7.42.0\"","timestamp":"2024-10-16T08:19:49.102Z"}
{"level":"info","message":"::1 - - [17/Oct/2024:04:54:52 +0000] \"GET / HTTP/1.1\" 200 75 \"-\" \"Mozilla/5.0 (Windows NT 10.0; Win64; x64) AppleWebKit/537.36 (KHTML, like Gecko) Chrome/129.0.0.0 Safari/537.36 Edg/129.0.0.0\"","timestamp":"2024-10-17T04:54:52.313Z"}
{"level":"info","message":"::1 - - [17/Oct/2024:04:57:49 +0000] \"GET /cd HTTP/1.1\" 404 60 \"-\" \"Mozilla/5.0 (Windows NT 10.0; Win64; x64) AppleWebKit/537.36 (KHTML, like Gecko) Chrome/129.0.0.0 Safari/537.36 Edg/129.0.0.0\"","timestamp":"2024-10-17T04:57:49.579Z"}
{"level":"info","message":"::1 - - [17/Oct/2024:05:00:25 +0000] \"GET /cd HTTP/1.1\" 404 65 \"-\" \"Mozilla/5.0 (Windows NT 10.0; Win64; x64) AppleWebKit/537.36 (KHTML, like Gecko) Chrome/129.0.0.0 Safari/537.36 Edg/129.0.0.0\"","timestamp":"2024-10-17T05:00:25.364Z"}
{"level":"info","message":"::1 - - [17/Oct/2024:05:00:33 +0000] \"GET / HTTP/1.1\" 200 58 \"-\" \"Mozilla/5.0 (Windows NT 10.0; Win64; x64) AppleWebKit/537.36 (KHTML, like Gecko) Chrome/129.0.0.0 Safari/537.36 Edg/129.0.0.0\"","timestamp":"2024-10-17T05:00:33.580Z"}
{"level":"info","message":"::1 - - [17/Oct/2024:12:32:00 +0000] \"POST /api/auth/test-auth-token HTTP/1.1\" 500 156 \"-\" \"PostmanRuntime/7.42.0\"","timestamp":"2024-10-17T12:32:00.727Z"}
{"level":"info","message":"::1 - - [17/Oct/2024:12:35:41 +0000] \"POST /api/auth/test-auth-token HTTP/1.1\" 200 198 \"-\" \"PostmanRuntime/7.42.0\"","timestamp":"2024-10-17T12:35:41.266Z"}
{"level":"info","message":"::1 - - [17/Oct/2024:12:38:03 +0000] \"POST /api/auth/test-auth-token HTTP/1.1\" 400 137 \"-\" \"PostmanRuntime/7.42.0\"","timestamp":"2024-10-17T12:38:03.049Z"}
{"level":"info","message":"::1 - - [17/Oct/2024:12:39:41 +0000] \"POST /api/products HTTP/1.1\" 400 134 \"-\" \"PostmanRuntime/7.42.0\"","timestamp":"2024-10-17T12:39:41.977Z"}
{"level":"info","message":"::1 - - [17/Oct/2024:12:45:23 +0000] \"POST /api/auth/test-auth-token HTTP/1.1\" 200 244 \"-\" \"PostmanRuntime/7.42.0\"","timestamp":"2024-10-17T12:45:23.259Z"}
{"level":"info","message":"::1 - - [17/Oct/2024:12:46:16 +0000] \"POST /api/auth/test-auth-token HTTP/1.1\" 200 244 \"-\" \"PostmanRuntime/7.42.0\"","timestamp":"2024-10-17T12:46:16.230Z"}
{"level":"info","message":"::1 - - [17/Oct/2024:12:49:04 +0000] \"POST /api/auth/test-auth-token HTTP/1.1\" 400 137 \"-\" \"PostmanRuntime/7.42.0\"","timestamp":"2024-10-17T12:49:04.192Z"}
{"level":"info","message":"::1 - - [17/Oct/2024:12:51:53 +0000] \"POST /api/auth/test-auth-token HTTP/1.1\" 200 244 \"-\" \"PostmanRuntime/7.42.0\"","timestamp":"2024-10-17T12:51:53.971Z"}
{"level":"info","message":"::1 - - [17/Oct/2024:12:52:28 +0000] \"POST /api/auth/test-auth-token HTTP/1.1\" 500 42 \"-\" \"PostmanRuntime/7.42.0\"","timestamp":"2024-10-17T12:52:28.484Z"}
{"level":"info","message":"::1 - - [17/Oct/2024:12:53:31 +0000] \"POST /api/auth/test-auth-token HTTP/1.1\" 400 150 \"-\" \"PostmanRuntime/7.42.0\"","timestamp":"2024-10-17T12:53:31.979Z"}
{"level":"info","message":"::1 - - [17/Oct/2024:12:53:44 +0000] \"POST /api/auth/test-auth-token HTTP/1.1\" 200 313 \"-\" \"PostmanRuntime/7.42.0\"","timestamp":"2024-10-17T12:53:44.386Z"}
{"level":"info","message":"::1 - - [17/Oct/2024:12:54:25 +0000] \"POST /api/auth/test-auth-token HTTP/1.1\" 200 310 \"-\" \"PostmanRuntime/7.42.0\"","timestamp":"2024-10-17T12:54:25.655Z"}
{"level":"info","message":"::1 - - [17/Oct/2024:12:55:05 +0000] \"POST /api/auth/login HTTP/1.1\" 400 47 \"-\" \"PostmanRuntime/7.42.0\"","timestamp":"2024-10-17T12:55:05.871Z"}
{"level":"info","message":"::1 - - [17/Oct/2024:12:55:12 +0000] \"POST /api/auth/login HTTP/1.1\" 400 47 \"-\" \"PostmanRuntime/7.42.0\"","timestamp":"2024-10-17T12:55:12.169Z"}
{"level":"info","message":"::1 - - [17/Oct/2024:12:55:35 +0000] \"POST /api/auth/login HTTP/1.1\" 400 47 \"-\" \"PostmanRuntime/7.42.0\"","timestamp":"2024-10-17T12:55:35.042Z"}
{"level":"info","message":"::1 - - [17/Oct/2024:12:55:43 +0000] \"POST /api/auth/login HTTP/1.1\" 400 47 \"-\" \"PostmanRuntime/7.42.0\"","timestamp":"2024-10-17T12:55:43.354Z"}
{"level":"info","message":"::1 - - [17/Oct/2024:12:55:47 +0000] \"POST /api/auth/login HTTP/1.1\" 400 47 \"-\" \"PostmanRuntime/7.42.0\"","timestamp":"2024-10-17T12:55:47.654Z"}
{"level":"info","message":"::1 - - [17/Oct/2024:12:57:41 +0000] \"POST /api/auth/test-auth-token HTTP/1.1\" 200 310 \"-\" \"PostmanRuntime/7.42.0\"","timestamp":"2024-10-17T12:57:41.987Z"}
{"level":"info","message":"::1 - - [17/Oct/2024:12:58:26 +0000] \"POST /api/auth/test-auth-token HTTP/1.1\" 400 137 \"-\" \"PostmanRuntime/7.42.0\"","timestamp":"2024-10-17T12:58:26.340Z"}
{"level":"info","message":"::1 - - [17/Oct/2024:12:58:52 +0000] \"POST /api/auth/test-auth-token HTTP/1.1\" 200 310 \"-\" \"PostmanRuntime/7.42.0\"","timestamp":"2024-10-17T12:58:52.112Z"}
{"level":"info","message":"::1 - - [17/Oct/2024:12:59:03 +0000] \"POST /api/auth/login HTTP/1.1\" 200 338 \"-\" \"PostmanRuntime/7.42.0\"","timestamp":"2024-10-17T12:59:03.971Z"}
{"level":"info","message":"::1 - - [17/Oct/2024:12:59:21 +0000] \"POST /api/auth/test-auth-token HTTP/1.1\" 200 313 \"-\" \"PostmanRuntime/7.42.0\"","timestamp":"2024-10-17T12:59:21.740Z"}
{"level":"info","message":"::1 - - [17/Oct/2024:12:59:56 +0000] \"POST /api/auth/test-auth-token HTTP/1.1\" 200 313 \"-\" \"PostmanRuntime/7.42.0\"","timestamp":"2024-10-17T12:59:56.222Z"}
{"level":"info","message":"::1 - - [17/Oct/2024:13:00:02 +0000] \"POST /api/auth/test-auth-token HTTP/1.1\" 400 137 \"-\" \"PostmanRuntime/7.42.0\"","timestamp":"2024-10-17T13:00:02.660Z"}
{"level":"info","message":"::1 - - [17/Oct/2024:13:00:39 +0000] \"GET /api/products HTTP/1.1\" 500 82 \"-\" \"PostmanRuntime/7.42.0\"","timestamp":"2024-10-17T13:00:39.377Z"}
